DEBUG:git.cmd:Popen(['git', 'rev-parse', '--show-toplevel'], cwd=C:\Users\joeda\PycharmProjects\IA-MED_IMG, universal_newlines=False, shell=None, istream=None)
DEBUG:git.cmd:Popen(['git', 'rev-parse', '--show-toplevel'], cwd=C:\Users\joeda\PycharmProjects\IA-MED_IMG, universal_newlines=False, shell=None, istream=None)
DEBUG:git.cmd:Popen(['git', 'rev-parse', '--show-toplevel'], cwd=C:\Users\joeda\PycharmProjects\IA-MED_IMG, universal_newlines=False, shell=None, istream=None)
DEBUG:git.cmd:Popen(['git', 'rev-parse', '--show-toplevel'], cwd=/mnt/c/Users/joeda/PycharmProjects/IA-MED_IMG, universal_newlines=False, shell=None, istream=None)
DEBUG:git.cmd:Popen(['git', 'cat-file', '--batch-check'], cwd=/mnt/c/Users/joeda/PycharmProjects/IA-MED_IMG, universal_newlines=False, shell=None, istream=<valid stream>)
INFO:timm.models.helpers:Loading pretrained weights from url (https://dl.fbaipublicfiles.com/convnext/convnext_small_22k_1k_384.pth)
INFO:timm.models.helpers:Converted input conv stem.0 pretrained weights from 3 to 1 channel(s)
DEBUG:git.cmd:Popen(['git', 'rev-parse', '--show-toplevel'], cwd=/mnt/c/Users/joeda/PycharmProjects/IA-MED_IMG, universal_newlines=False, shell=None, istream=None)
DEBUG:git.cmd:Popen(['git', 'cat-file', '--batch-check'], cwd=/mnt/c/Users/joeda/PycharmProjects/IA-MED_IMG, universal_newlines=False, shell=None, istream=<valid stream>)
INFO:timm.models.helpers:Loading pretrained weights from url (https://dl.fbaipublicfiles.com/convnext/convnext_small_22k_1k_384.pth)
INFO:timm.models.helpers:Converted input conv stem.0 pretrained weights from 3 to 1 channel(s)
DEBUG:git.cmd:Popen(['git', 'rev-parse', '--show-toplevel'], cwd=/mnt/c/Users/joeda/PycharmProjects/IA-MED_IMG, universal_newlines=False, shell=None, istream=None)
DEBUG:git.cmd:Popen(['git', 'cat-file', '--batch-check'], cwd=/mnt/c/Users/joeda/PycharmProjects/IA-MED_IMG, universal_newlines=False, shell=None, istream=<valid stream>)
INFO:timm.models.helpers:Loading pretrained weights from url (https://dl.fbaipublicfiles.com/convnext/convnext_small_22k_1k_384.pth)
INFO:timm.models.helpers:Converted input conv stem.0 pretrained weights from 3 to 1 channel(s)
DEBUG:root:Loaded 64540 exams for training
DEBUG:root:Loaded 200 exams for validation
DEBUG:git.cmd:Popen(['git', 'rev-parse', '--show-toplevel'], cwd=/mnt/c/Users/joeda/PycharmProjects/IA-MED_IMG, universal_newlines=False, shell=None, istream=None)
DEBUG:git.cmd:Popen(['git', 'cat-file', '--batch-check'], cwd=/mnt/c/Users/joeda/PycharmProjects/IA-MED_IMG, universal_newlines=False, shell=None, istream=<valid stream>)
INFO:timm.models.helpers:Loading pretrained weights from url (https://dl.fbaipublicfiles.com/convnext/convnext_small_22k_1k_384.pth)
INFO:timm.models.helpers:Converted input conv stem.0 pretrained weights from 3 to 1 channel(s)
DEBUG:root:Loaded 64540 exams for training
DEBUG:root:Loaded 200 exams for validation
DEBUG:git.cmd:Popen(['git', 'rev-parse', '--show-toplevel'], cwd=/mnt/c/Users/joeda/PycharmProjects/IA-MED_IMG, universal_newlines=False, shell=None, istream=None)
DEBUG:git.cmd:Popen(['git', 'cat-file', '--batch-check'], cwd=/mnt/c/Users/joeda/PycharmProjects/IA-MED_IMG, universal_newlines=False, shell=None, istream=<valid stream>)
INFO:timm.models.helpers:Loading pretrained weights from url (https://dl.fbaipublicfiles.com/convnext/convnext_small_22k_1k_384.pth)
INFO:timm.models.helpers:Converted input conv stem.0 pretrained weights from 3 to 1 channel(s)
DEBUG:root:Loaded 64540 exams for training
DEBUG:root:Loaded 200 exams for validation
DEBUG:git.cmd:Popen(['git', 'rev-parse', '--show-toplevel'], cwd=/mnt/c/Users/joeda/PycharmProjects/IA-MED_IMG, universal_newlines=False, shell=None, istream=None)
DEBUG:git.cmd:Popen(['git', 'cat-file', '--batch-check'], cwd=/mnt/c/Users/joeda/PycharmProjects/IA-MED_IMG, universal_newlines=False, shell=None, istream=<valid stream>)
INFO:timm.models.helpers:Loading pretrained weights from url (https://dl.fbaipublicfiles.com/convnext/convnext_small_22k_1k_384.pth)
INFO:timm.models.helpers:Converted input conv stem.0 pretrained weights from 3 to 1 channel(s)
DEBUG:root:Loaded 64540 exams for training
DEBUG:root:Loaded 200 exams for validation
DEBUG:git.cmd:Popen(['git', 'rev-parse', '--show-toplevel'], cwd=/mnt/c/Users/joeda/PycharmProjects/IA-MED_IMG, universal_newlines=False, shell=None, istream=None)
DEBUG:git.cmd:Popen(['git', 'cat-file', '--batch-check'], cwd=/mnt/c/Users/joeda/PycharmProjects/IA-MED_IMG, universal_newlines=False, shell=None, istream=<valid stream>)
INFO:timm.models.helpers:Loading pretrained weights from url (https://dl.fbaipublicfiles.com/convnext/convnext_small_22k_1k_384.pth)
INFO:timm.models.helpers:Converted input conv stem.0 pretrained weights from 3 to 1 channel(s)
DEBUG:root:Loaded 64540 exams for training
DEBUG:root:Loaded 200 exams for validation
DEBUG:git.cmd:Popen(['git', 'rev-parse', '--show-toplevel'], cwd=/media/jonathan/62E2EFF0E2EFC67F/Users/joeda/PycharmProjects/IA-MED_IMG, universal_newlines=False, shell=None, istream=None)
DEBUG:git.cmd:Popen(['git', 'cat-file', '--batch-check'], cwd=/media/jonathan/62E2EFF0E2EFC67F/Users/joeda/PycharmProjects/IA-MED_IMG, universal_newlines=False, shell=None, istream=<valid stream>)
INFO:timm.models.helpers:Loading pretrained weights from url (https://dl.fbaipublicfiles.com/convnext/convnext_small_22k_1k_384.pth)
INFO:timm.models.helpers:Converted input conv stem.0 pretrained weights from 3 to 1 channel(s)
DEBUG:git.cmd:Popen(['git', 'rev-parse', '--show-toplevel'], cwd=/media/jonathan/62E2EFF0E2EFC67F/Users/joeda/PycharmProjects/IA-MED_IMG, universal_newlines=False, shell=None, istream=None)
DEBUG:git.cmd:Popen(['git', 'cat-file', '--batch-check'], cwd=/media/jonathan/62E2EFF0E2EFC67F/Users/joeda/PycharmProjects/IA-MED_IMG, universal_newlines=False, shell=None, istream=<valid stream>)
INFO:timm.models.helpers:Loading pretrained weights from url (https://dl.fbaipublicfiles.com/convnext/convnext_small_22k_1k_384.pth)
INFO:timm.models.helpers:Converted input conv stem.0 pretrained weights from 3 to 1 channel(s)
DEBUG:root:Loaded 64540 exams for training
DEBUG:root:Loaded 200 exams for validation
DEBUG:git.cmd:Popen(['git', 'rev-parse', '--show-toplevel'], cwd=/media/jonathan/62E2EFF0E2EFC67F/Users/joeda/PycharmProjects/IA-MED_IMG, universal_newlines=False, shell=None, istream=None)
DEBUG:git.cmd:Popen(['git', 'cat-file', '--batch-check'], cwd=/media/jonathan/62E2EFF0E2EFC67F/Users/joeda/PycharmProjects/IA-MED_IMG, universal_newlines=False, shell=None, istream=<valid stream>)
INFO:timm.models.helpers:Loading pretrained weights from url (https://dl.fbaipublicfiles.com/convnext/convnext_small_22k_1k_384.pth)
INFO:timm.models.helpers:Converted input conv stem.0 pretrained weights from 3 to 1 channel(s)
DEBUG:root:Loaded 64540 exams for training
DEBUG:root:Loaded 200 exams for validation
DEBUG:git.cmd:Popen(['git', 'rev-parse', '--show-toplevel'], cwd=/media/jonathan/62E2EFF0E2EFC67F/Users/joeda/PycharmProjects/IA-MED_IMG, universal_newlines=False, shell=None, istream=None)
DEBUG:git.cmd:Popen(['git', 'cat-file', '--batch-check'], cwd=/media/jonathan/62E2EFF0E2EFC67F/Users/joeda/PycharmProjects/IA-MED_IMG, universal_newlines=False, shell=None, istream=<valid stream>)
INFO:timm.models.helpers:Loading pretrained weights from url (https://dl.fbaipublicfiles.com/convnext/convnext_small_22k_1k_384.pth)
INFO:timm.models.helpers:Converted input conv stem.0 pretrained weights from 3 to 1 channel(s)
DEBUG:root:Loaded 64540 exams for training
DEBUG:root:Loaded 200 exams for validation
DEBUG:git.cmd:Popen(['git', 'rev-parse', '--show-toplevel'], cwd=/media/jonathan/62E2EFF0E2EFC67F/Users/joeda/PycharmProjects/IA-MED_IMG, universal_newlines=False, shell=None, istream=None)
DEBUG:git.cmd:Popen(['git', 'cat-file', '--batch-check'], cwd=/media/jonathan/62E2EFF0E2EFC67F/Users/joeda/PycharmProjects/IA-MED_IMG, universal_newlines=False, shell=None, istream=<valid stream>)
INFO:timm.models.helpers:Loading pretrained weights from url (https://dl.fbaipublicfiles.com/convnext/convnext_small_22k_1k_384.pth)
INFO:timm.models.helpers:Converted input conv stem.0 pretrained weights from 3 to 1 channel(s)
DEBUG:root:Loaded 64540 exams for training
DEBUG:root:Loaded 200 exams for validation
DEBUG:git.cmd:Popen(['git', 'rev-parse', '--show-toplevel'], cwd=/media/jonathan/62E2EFF0E2EFC67F/Users/joeda/PycharmProjects/IA-MED_IMG, universal_newlines=False, shell=None, istream=None)
DEBUG:git.cmd:Popen(['git', 'cat-file', '--batch-check'], cwd=/media/jonathan/62E2EFF0E2EFC67F/Users/joeda/PycharmProjects/IA-MED_IMG, universal_newlines=False, shell=None, istream=<valid stream>)
INFO:timm.models.helpers:Loading pretrained weights from url (https://dl.fbaipublicfiles.com/convnext/convnext_small_22k_1k_384.pth)
INFO:timm.models.helpers:Converted input conv stem.0 pretrained weights from 3 to 1 channel(s)
DEBUG:root:Loaded 64540 exams for training
DEBUG:root:Loaded 200 exams for validation
DEBUG:git.cmd:Popen(['git', 'rev-parse', '--show-toplevel'], cwd=/media/jonathan/62E2EFF0E2EFC67F/Users/joeda/PycharmProjects/IA-MED_IMG, universal_newlines=False, shell=None, istream=None)
DEBUG:git.cmd:Popen(['git', 'cat-file', '--batch-check'], cwd=/media/jonathan/62E2EFF0E2EFC67F/Users/joeda/PycharmProjects/IA-MED_IMG, universal_newlines=False, shell=None, istream=<valid stream>)
INFO:timm.models.helpers:Loading pretrained weights from url (https://dl.fbaipublicfiles.com/convnext/convnext_small_22k_1k_384.pth)
INFO:timm.models.helpers:Converted input conv stem.0 pretrained weights from 3 to 1 channel(s)
DEBUG:root:Loaded 64540 exams for training
DEBUG:root:Loaded 200 exams for validation
DEBUG:git.cmd:Popen(['git', 'rev-parse', '--show-toplevel'], cwd=/media/jonathan/62E2EFF0E2EFC67F/Users/joeda/PycharmProjects/IA-MED_IMG, universal_newlines=False, shell=None, istream=None)
DEBUG:git.cmd:Popen(['git', 'cat-file', '--batch-check'], cwd=/media/jonathan/62E2EFF0E2EFC67F/Users/joeda/PycharmProjects/IA-MED_IMG, universal_newlines=False, shell=None, istream=<valid stream>)
INFO:timm.models.helpers:Loading pretrained weights from url (https://dl.fbaipublicfiles.com/convnext/convnext_small_22k_1k_384.pth)
INFO:timm.models.helpers:Converted input conv stem.0 pretrained weights from 3 to 1 channel(s)
DEBUG:root:Loaded 64540 exams for training
DEBUG:root:Loaded 200 exams for validation
DEBUG:git.cmd:Popen(['git', 'rev-parse', '--show-toplevel'], cwd=/media/jonathan/62E2EFF0E2EFC67F/Users/joeda/PycharmProjects/IA-MED_IMG, universal_newlines=False, shell=None, istream=None)
DEBUG:git.cmd:Popen(['git', 'cat-file', '--batch-check'], cwd=/media/jonathan/62E2EFF0E2EFC67F/Users/joeda/PycharmProjects/IA-MED_IMG, universal_newlines=False, shell=None, istream=<valid stream>)
INFO:timm.models.helpers:Loading pretrained weights from url (https://dl.fbaipublicfiles.com/convnext/convnext_small_22k_1k_384.pth)
INFO:timm.models.helpers:Converted input conv stem.0 pretrained weights from 3 to 1 channel(s)
DEBUG:root:Loaded 64540 exams for training
DEBUG:root:Loaded 200 exams for validation
ERROR:wandb.jupyter:Failed to detect the name of this notebook, you can set it manually with the WANDB_NOTEBOOK_NAME environment variable to enable code saving.
DEBUG:git.cmd:Popen(['git', 'rev-parse', '--show-toplevel'], cwd=/media/jonathan/62E2EFF0E2EFC67F/Users/joeda/PycharmProjects/IA-MED_IMG, universal_newlines=False, shell=None, istream=None)
DEBUG:git.cmd:Popen(['git', 'cat-file', '--batch-check'], cwd=/media/jonathan/62E2EFF0E2EFC67F/Users/joeda/PycharmProjects/IA-MED_IMG, universal_newlines=False, shell=None, istream=<valid stream>)
INFO:timm.models.helpers:Loading pretrained weights from url (https://dl.fbaipublicfiles.com/convnext/convnext_small_22k_1k_384.pth)
INFO:timm.models.helpers:Converted input conv stem.0 pretrained weights from 3 to 1 channel(s)
DEBUG:git.cmd:Popen(['git', 'cat-file', '--batch-check'], cwd=/media/jonathan/62E2EFF0E2EFC67F/Users/joeda/PycharmProjects/IA-MED_IMG, universal_newlines=False, shell=None, istream=<valid stream>)
DEBUG:git.cmd:Popen(['git', 'rev-parse', '--show-toplevel'], cwd=/media/jonathan/62E2EFF0E2EFC67F/Users/joeda/PycharmProjects/IA-MED_IMG, universal_newlines=False, shell=None, istream=None)
DEBUG:git.cmd:Popen(['git', 'cat-file', '--batch-check'], cwd=/media/jonathan/62E2EFF0E2EFC67F/Users/joeda/PycharmProjects/IA-MED_IMG, universal_newlines=False, shell=None, istream=<valid stream>)
INFO:timm.models.helpers:Loading pretrained weights from url (https://dl.fbaipublicfiles.com/convnext/convnext_small_22k_1k_384.pth)
INFO:timm.models.helpers:Converted input conv stem.0 pretrained weights from 3 to 1 channel(s)
DEBUG:root:Loaded 64540 exams for training
DEBUG:root:Loaded 200 exams for validation
DEBUG:git.cmd:Popen(['git', 'rev-parse', '--show-toplevel'], cwd=/media/jonathan/62E2EFF0E2EFC67F/Users/joeda/PycharmProjects/IA-MED_IMG, universal_newlines=False, shell=None, istream=None)
DEBUG:git.cmd:Popen(['git', 'cat-file', '--batch-check'], cwd=/media/jonathan/62E2EFF0E2EFC67F/Users/joeda/PycharmProjects/IA-MED_IMG, universal_newlines=False, shell=None, istream=<valid stream>)
INFO:timm.models.helpers:Loading pretrained weights from url (https://dl.fbaipublicfiles.com/convnext/convnext_small_22k_1k_384.pth)
INFO:timm.models.helpers:Converted input conv stem.0 pretrained weights from 3 to 1 channel(s)
DEBUG:root:Loaded 64540 exams for training
DEBUG:root:Loaded 200 exams for validation
DEBUG:git.cmd:Popen(['git', 'rev-parse', '--show-toplevel'], cwd=/media/jonathan/62E2EFF0E2EFC67F/Users/joeda/PycharmProjects/IA-MED_IMG, universal_newlines=False, shell=None, istream=None)
DEBUG:git.cmd:Popen(['git', 'cat-file', '--batch-check'], cwd=/media/jonathan/62E2EFF0E2EFC67F/Users/joeda/PycharmProjects/IA-MED_IMG, universal_newlines=False, shell=None, istream=<valid stream>)
INFO:timm.models.helpers:Loading pretrained weights from url (https://dl.fbaipublicfiles.com/convnext/convnext_small_22k_1k_384.pth)
INFO:timm.models.helpers:Converted input conv stem.0 pretrained weights from 3 to 1 channel(s)
INFO:root:The model has now been successfully loaded into memory
DEBUG:git.cmd:Popen(['git', 'rev-parse', '--show-toplevel'], cwd=C:\Users\joeda\PycharmProjects\IA-MED_IMG, universal_newlines=False, shell=None, istream=None)
DEBUG:urllib3.connectionpool:Starting new HTTPS connection (1): api.wandb.ai:443
DEBUG:urllib3.connectionpool:https://api.wandb.ai:443 "POST /graphql HTTP/1.1" 200 None
DEBUG:urllib3.connectionpool:Starting new HTTPS connection (1): api.wandb.ai:443
DEBUG:urllib3.connectionpool:https://api.wandb.ai:443 "POST /graphql HTTP/1.1" 200 None
DEBUG:git.cmd:Popen(['git', 'cat-file', '--batch-check'], cwd=C:\Users\joeda\PycharmProjects\IA-MED_IMG, universal_newlines=False, shell=None, istream=<valid stream>)
INFO:timm.models.helpers:Loading pretrained weights from url (https://dl.fbaipublicfiles.com/convnext/convnext_base_22k_1k_384.pth)
INFO:timm.models.helpers:Loading pretrained weights from url (https://dl.fbaipublicfiles.com/convnext/convnext_base_22k_1k_384.pth)
INFO:root:The model has now been successfully loaded into memory
DEBUG:git.cmd:Popen(['git', 'rev-parse', '--show-toplevel'], cwd=C:\Users\joeda\PycharmProjects\IA-MED_IMG, universal_newlines=False, shell=None, istream=None)
DEBUG:git.cmd:Popen(['git', 'cat-file', '--batch-check'], cwd=C:\Users\joeda\PycharmProjects\IA-MED_IMG, universal_newlines=False, shell=None, istream=<valid stream>)
INFO:timm.models.helpers:Loading pretrained weights from url (https://dl.fbaipublicfiles.com/convnext/convnext_base_22k_1k_384.pth)
INFO:timm.models.helpers:Loading pretrained weights from url (https://dl.fbaipublicfiles.com/convnext/convnext_base_22k_1k_384.pth)
INFO:root:The model has now been successfully loaded into memory
CRITICAL:root:Server not available ; switching offline
DEBUG:git.cmd:Popen(['git', 'rev-parse', '--show-toplevel'], cwd=C:\Users\joeda\PycharmProjects\IA-MED_IMG, universal_newlines=False, shell=None, istream=None)
DEBUG:git.cmd:Popen(['git', 'cat-file', '--batch-check'], cwd=C:\Users\joeda\PycharmProjects\IA-MED_IMG, universal_newlines=False, shell=None, istream=<valid stream>)
INFO:timm.models.helpers:Loading pretrained weights from url (https://dl.fbaipublicfiles.com/convnext/convnext_base_22k_1k_384.pth)
INFO:timm.models.helpers:Loading pretrained weights from url (https://dl.fbaipublicfiles.com/convnext/convnext_base_22k_1k_384.pth)
INFO:root:The model has now been successfully loaded into memory
CRITICAL:root:Server not available ; switching offline
CRITICAL:root:Server not available ; switching offline
DEBUG:root:Loaded 64540 exams for training
DEBUG:root:Loaded 200 exams for validation
DEBUG:git.cmd:Popen(['git', 'rev-parse', '--show-toplevel'], cwd=C:\Users\joeda\PycharmProjects\IA-MED_IMG, universal_newlines=False, shell=None, istream=None)
DEBUG:git.cmd:Popen(['git', 'cat-file', '--batch-check'], cwd=C:\Users\joeda\PycharmProjects\IA-MED_IMG, universal_newlines=False, shell=None, istream=<valid stream>)
INFO:timm.models.helpers:Loading pretrained weights from url (https://dl.fbaipublicfiles.com/convnext/convnext_base_22k_1k_384.pth)
INFO:timm.models.helpers:Loading pretrained weights from url (https://dl.fbaipublicfiles.com/convnext/convnext_base_22k_1k_384.pth)
INFO:root:The model has now been successfully loaded into memory
DEBUG:root:Loaded 64540 exams for training
DEBUG:root:Loaded 200 exams for validation
DEBUG:git.cmd:Popen(['git', 'rev-parse', '--show-toplevel'], cwd=C:\Users\joeda\PycharmProjects\IA-MED_IMG, universal_newlines=False, shell=None, istream=None)
DEBUG:git.cmd:Popen(['git', 'cat-file', '--batch-check'], cwd=C:\Users\joeda\PycharmProjects\IA-MED_IMG, universal_newlines=False, shell=None, istream=<valid stream>)
INFO:timm.models.helpers:Loading pretrained weights from url (https://dl.fbaipublicfiles.com/convnext/convnext_base_22k_1k_384.pth)
INFO:timm.models.helpers:Loading pretrained weights from url (https://dl.fbaipublicfiles.com/convnext/convnext_base_22k_1k_384.pth)
INFO:root:The model has now been successfully loaded into memory
DEBUG:root:Loaded 64540 exams for training
DEBUG:root:Loaded 200 exams for validation
DEBUG:git.cmd:Popen(['git', 'rev-parse', '--show-toplevel'], cwd=C:\Users\joeda\PycharmProjects\IA-MED_IMG, universal_newlines=False, shell=None, istream=None)
DEBUG:git.cmd:Popen(['git', 'cat-file', '--batch-check'], cwd=C:\Users\joeda\PycharmProjects\IA-MED_IMG, universal_newlines=False, shell=None, istream=<valid stream>)
INFO:timm.models.helpers:Loading pretrained weights from url (https://dl.fbaipublicfiles.com/convnext/convnext_base_22k_1k_384.pth)
INFO:timm.models.helpers:Loading pretrained weights from url (https://dl.fbaipublicfiles.com/convnext/convnext_base_22k_1k_384.pth)
INFO:root:The model has now been successfully loaded into memory
DEBUG:root:Loaded 64540 exams for training
DEBUG:root:Loaded 200 exams for validation
DEBUG:root:mean output : 0.4695183336734772
INFO:root:                            thresholds  epoch  _timestamp  _runtime       auc        f1    recall  precision  accuracy   training_loss validation_loss       best_loss
Enlarged Cardiomediastinum         0.5      0  1673301393        21  0.546416  0.479592  0.712121   0.361538         0  tensor(2.3989)  tensor(0.7766)  tensor(0.7766)
Cardiomegaly                       0.5      0  1673301393        21  0.442899  0.496183  0.984848   0.331633         0  tensor(2.3989)  tensor(0.7766)  tensor(0.7766)
Pleural Effusion                   0.5      0  1673301393        21  0.537224  0.217391  0.156250   0.357143         0  tensor(2.3989)  tensor(0.7766)  tensor(0.7766)
Pneumothorax                       0.5      0  1673301393        21  0.558419  0.000000  0.000000   0.000000         0  tensor(2.3989)  tensor(0.7766)  tensor(0.7766)
Lung Opacity                       0.5      0  1673301393        21  0.679722  0.370370  0.255102   0.675676         0  tensor(2.3989)  tensor(0.7766)  tensor(0.7766)
Atelectasis                        0.5      0  1673301393        21  0.553333  0.545455  1.000000   0.375000         0  tensor(2.3989)  tensor(0.7766)  tensor(0.7766)
Lung Lesion                        0.5      0  1673301393        21  0.914573  0.000000  0.000000   0.000000         0  tensor(2.3989)  tensor(0.7766)  tensor(0.7766)
Pneumonia                          0.5      0  1673301393        21  0.509766  0.000000  0.000000   0.000000         0  tensor(2.3989)  tensor(0.7766)  tensor(0.7766)
Consolidation                      0.5      0  1673301393        21  0.366862  0.000000  0.000000   0.000000         0  tensor(2.3989)  tensor(0.7766)  tensor(0.7766)
Edema                              0.5      0  1673301393        21  0.401823  0.282723  0.642857   0.181208         0  tensor(2.3989)  tensor(0.7766)  tensor(0.7766)
No Finding                         0.5      0  1673301393        21  0.419209  0.930481  1.000000   0.870000         0  tensor(2.3989)  tensor(0.7766)  tensor(0.7766)
mean                               NaN      0  1673301393        21  0.539113  0.302018       NaN        NaN         0  tensor(2.3989)  tensor(0.7766)  tensor(0.7766)
DEBUG:root:mean output : 0.47916266322135925
INFO:root:patience has been reduced by 1, now at 19
INFO:root:training loss : 2.1507182121276855
INFO:root:validation loss : 0.8067889213562012
INFO:root:                            thresholds  epoch  _timestamp  _runtime       auc        f1    recall  precision  accuracy   training_loss validation_loss       best_loss
Enlarged Cardiomediastinum         0.5      1  1673301404        33  0.537540  0.458333  0.666667   0.349206         0  tensor(2.1507)  tensor(0.8068)  tensor(0.7766)
Cardiomegaly                       0.5      1  1673301404        33  0.486488  0.316456  0.378788   0.271739         0  tensor(2.1507)  tensor(0.8068)  tensor(0.7766)
Pleural Effusion                   0.5      1  1673301404        33  0.517463  0.488550  1.000000   0.323232         0  tensor(2.1507)  tensor(0.8068)  tensor(0.7766)
Pneumothorax                       0.5      1  1673301404        33  0.602234  0.058824  0.166667   0.035714         0  tensor(2.1507)  tensor(0.8068)  tensor(0.7766)
Lung Opacity                       0.5      1  1673301404        33  0.681573  0.000000  0.000000   0.000000         0  tensor(2.1507)  tensor(0.8068)  tensor(0.7766)
Atelectasis                        0.5      1  1673301404        33  0.508960  0.075000  0.040000   0.600000         0  tensor(2.1507)  tensor(0.8068)  tensor(0.7766)
Lung Lesion                        0.5      1  1673301404        33  0.442211  0.012987  1.000000   0.006536         0  tensor(2.1507)  tensor(0.8068)  tensor(0.7766)
Pneumonia                          0.5      1  1673301404        33  0.503906  0.071795  0.875000   0.037433         0  tensor(2.1507)  tensor(0.8068)  tensor(0.7766)
Consolidation                      0.5      1  1673301404        33  0.639648  0.000000  0.000000   0.000000         0  tensor(2.1507)  tensor(0.8068)  tensor(0.7766)
Edema                              0.5      1  1673301404        33  0.507459  0.000000  0.000000   0.000000         0  tensor(2.1507)  tensor(0.8068)  tensor(0.7766)
No Finding                         0.5      1  1673301404        33  0.297966  0.930481  1.000000   0.870000         0  tensor(2.1507)  tensor(0.8068)  tensor(0.7766)
mean                               NaN      1  1673301404        33  0.520495  0.219311       NaN        NaN         0  tensor(2.1507)  tensor(0.8068)  tensor(0.7766)
DEBUG:root:mean output : 0.5120861530303955
INFO:root:patience has been reduced by 1, now at 18
INFO:root:training loss : 1.5768595933914185
INFO:root:validation loss : 0.8275792598724365
INFO:root:                            thresholds  epoch  _timestamp  _runtime       auc        f1    recall  precision  accuracy   training_loss validation_loss       best_loss
Enlarged Cardiomediastinum         0.5      2  1673301416        45  0.519561  0.230088  0.196970   0.276596         0  tensor(1.5769)  tensor(0.8276)  tensor(0.7766)
Cardiomegaly                       0.5      2  1673301416        45  0.549469  0.427807  0.606061   0.330579         0  tensor(1.5769)  tensor(0.8276)  tensor(0.7766)
Pleural Effusion                   0.5      2  1673301416        45  0.607652  0.000000  0.000000   0.000000         0  tensor(1.5769)  tensor(0.8276)  tensor(0.7766)
Pneumothorax                       0.5      2  1673301416        45  0.480241  0.000000  0.000000   0.000000         0  tensor(1.5769)  tensor(0.8276)  tensor(0.7766)
Lung Opacity                       0.5      2  1673301416        45  0.564426  0.020202  0.010204   1.000000         0  tensor(1.5769)  tensor(0.8276)  tensor(0.7766)
Atelectasis                        0.5      2  1673301416        45  0.470133  0.000000  0.000000   0.000000         0  tensor(1.5769)  tensor(0.8276)  tensor(0.7766)
Lung Lesion                        0.5      2  1673301416        45  0.743719  0.010309  1.000000   0.005181         0  tensor(1.5769)  tensor(0.8276)  tensor(0.7766)
Pneumonia                          0.5      2  1673301416        45  0.486328  0.076923  1.000000   0.040000         0  tensor(1.5769)  tensor(0.8276)  tensor(0.7766)
Consolidation                      0.5      2  1673301416        45  0.578125  0.000000  0.000000   0.000000         0  tensor(1.5769)  tensor(0.8276)  tensor(0.7766)
Edema                              0.5      2  1673301416        45  0.432414  0.347107  1.000000   0.210000         0  tensor(1.5769)  tensor(0.8276)  tensor(0.7766)
No Finding                         0.5      2  1673301416        45  0.278957  0.930481  1.000000   0.870000         0  tensor(1.5769)  tensor(0.8276)  tensor(0.7766)
mean                               NaN      2  1673301416        45  0.519184  0.185720       NaN        NaN         0  tensor(1.5769)  tensor(0.8276)  tensor(0.7766)
DEBUG:root:mean output : 0.49020373821258545
INFO:root:patience has been reduced by 1, now at 17
INFO:root:training loss : 1.450603723526001
INFO:root:validation loss : 0.7982673048973083
INFO:root:                            thresholds  epoch  _timestamp  _runtime       auc        f1    recall  precision  accuracy   training_loss validation_loss       best_loss
Enlarged Cardiomediastinum         0.5      3  1673301427        56  0.536692  0.540084  0.969697   0.374269         0  tensor(1.4506)  tensor(0.7983)  tensor(0.7766)
Cardiomegaly                       0.5      3  1673301427        56  0.578584  0.492424  0.984848   0.328283         0  tensor(1.4506)  tensor(0.7983)  tensor(0.7766)
Pleural Effusion                   0.5      3  1673301427        56  0.589212  0.000000  0.000000   0.000000         0  tensor(1.4506)  tensor(0.7983)  tensor(0.7766)
Pneumothorax                       0.5      3  1673301427        56  0.391323  0.000000  0.000000   0.000000         0  tensor(1.4506)  tensor(0.7983)  tensor(0.7766)
Lung Opacity                       0.5      3  1673301427        56  0.536164  0.040000  0.020408   1.000000         0  tensor(1.4506)  tensor(0.7983)  tensor(0.7766)
Atelectasis                        0.5      3  1673301427        56  0.537173  0.545455  1.000000   0.375000         0  tensor(1.4506)  tensor(0.7983)  tensor(0.7766)
Lung Lesion                        0.5      3  1673301427        56  0.924623  0.000000  0.000000   0.000000         0  tensor(1.4506)  tensor(0.7983)  tensor(0.7766)
Pneumonia                          0.5      3  1673301427        56  0.589844  0.093023  1.000000   0.048780         0  tensor(1.4506)  tensor(0.7983)  tensor(0.7766)
Consolidation                      0.5      3  1673301427        56  0.708659  0.000000  0.000000   0.000000         0  tensor(1.4506)  tensor(0.7983)  tensor(0.7766)
Edema                              0.5      3  1673301427        56  0.568490  0.153846  0.095238   0.400000         0  tensor(1.4506)  tensor(0.7983)  tensor(0.7766)
No Finding                         0.5      3  1673301427        56  0.245137  0.930481  1.000000   0.870000         0  tensor(1.4506)  tensor(0.7983)  tensor(0.7766)
mean                               NaN      3  1673301427        56  0.564173  0.254119       NaN        NaN         0  tensor(1.4506)  tensor(0.7983)  tensor(0.7766)
DEBUG:root:mean output : 0.46367302536964417
INFO:root:patience has been reduced by 1, now at 16
INFO:root:training loss : 1.2610557079315186
INFO:root:validation loss : 0.7965575456619263
INFO:root:                            thresholds  epoch  _timestamp  _runtime       auc        f1    recall  precision  accuracy   training_loss validation_loss       best_loss
Enlarged Cardiomediastinum         0.5      4  1673301439        68  0.537257  0.301587  0.287879   0.316667         0  tensor(1.2611)  tensor(0.7966)  tensor(0.7766)
Cardiomegaly                       0.5      4  1673301439        68  0.629636  0.000000  0.000000   0.000000         0  tensor(1.2611)  tensor(0.7966)  tensor(0.7766)
Pleural Effusion                   0.5      4  1673301439        68  0.509593  0.065934  0.046875   0.111111         0  tensor(1.2611)  tensor(0.7966)  tensor(0.7766)
Pneumothorax                       0.5      4  1673301439        68  0.397766  0.000000  0.000000   0.000000         0  tensor(1.2611)  tensor(0.7966)  tensor(0.7766)
Lung Opacity                       0.5      4  1673301439        68  0.634704  0.000000  0.000000   0.000000         0  tensor(1.2611)  tensor(0.7966)  tensor(0.7766)
Atelectasis                        0.5      4  1673301439        68  0.554667  0.254545  0.186667   0.400000         0  tensor(1.2611)  tensor(0.7966)  tensor(0.7766)
Lung Lesion                        0.5      4  1673301439        68  0.243719  0.000000  0.000000   0.000000         0  tensor(1.2611)  tensor(0.7966)  tensor(0.7766)
Pneumonia                          0.5      4  1673301439        68  0.596354  0.076923  1.000000   0.040000         0  tensor(1.2611)  tensor(0.7966)  tensor(0.7766)
Consolidation                      0.5      4  1673301439        68  0.670247  0.000000  0.000000   0.000000         0  tensor(1.2611)  tensor(0.7966)  tensor(0.7766)
Edema                              0.5      4  1673301439        68  0.596594  0.361233  0.976190   0.221622         0  tensor(1.2611)  tensor(0.7966)  tensor(0.7766)
No Finding                         0.5      4  1673301439        68  0.287688  0.930481  1.000000   0.870000         0  tensor(1.2611)  tensor(0.7966)  tensor(0.7766)
mean                               NaN      4  1673301439        68  0.514384  0.180973       NaN        NaN         0  tensor(1.2611)  tensor(0.7966)  tensor(0.7766)
DEBUG:git.cmd:Popen(['git', 'rev-parse', '--show-toplevel'], cwd=C:\Users\joeda\PycharmProjects\IA-MED_IMG, universal_newlines=False, shell=None, istream=None)
DEBUG:urllib3.connectionpool:Starting new HTTPS connection (1): api.wandb.ai:443
DEBUG:urllib3.connectionpool:https://api.wandb.ai:443 "POST /graphql HTTP/1.1" 200 None
DEBUG:urllib3.connectionpool:Starting new HTTPS connection (1): api.wandb.ai:443
DEBUG:urllib3.connectionpool:https://api.wandb.ai:443 "POST /graphql HTTP/1.1" 200 None
DEBUG:git.cmd:Popen(['git', 'cat-file', '--batch-check'], cwd=C:\Users\joeda\PycharmProjects\IA-MED_IMG, universal_newlines=False, shell=None, istream=<valid stream>)
INFO:timm.models.helpers:Loading pretrained weights from url (https://dl.fbaipublicfiles.com/convnext/convnext_base_22k_1k_384.pth)
INFO:timm.models.helpers:Loading pretrained weights from url (https://dl.fbaipublicfiles.com/convnext/convnext_base_22k_1k_384.pth)
INFO:root:The model has now been successfully loaded into memory
INFO:root:Collected query for dataset Collection(Database(MongoClient(host=['10.128.107.212:27017'], document_class=dict, tz_aware=False, connect=True), 'Public_Images'), 'ChexPert')
INFO:root:Collected query for dataset Collection(Database(MongoClient(host=['10.128.107.212:27017'], document_class=dict, tz_aware=False, connect=True), 'Public_Images'), 'ChexPert')
DEBUG:root:Loaded 64540 exams for training
DEBUG:root:Loaded 200 exams for validation
DEBUG:git.cmd:Popen(['git', 'rev-parse', '--show-toplevel'], cwd=C:\Users\joeda\PycharmProjects\IA-MED_IMG, universal_newlines=False, shell=None, istream=None)
DEBUG:urllib3.connectionpool:Starting new HTTPS connection (1): api.wandb.ai:443
DEBUG:urllib3.connectionpool:https://api.wandb.ai:443 "POST /graphql HTTP/1.1" 200 None
DEBUG:urllib3.connectionpool:Starting new HTTPS connection (1): api.wandb.ai:443
DEBUG:urllib3.connectionpool:https://api.wandb.ai:443 "POST /graphql HTTP/1.1" 200 None
DEBUG:git.cmd:Popen(['git', 'cat-file', '--batch-check'], cwd=C:\Users\joeda\PycharmProjects\IA-MED_IMG, universal_newlines=False, shell=None, istream=<valid stream>)
INFO:timm.models.helpers:Loading pretrained weights from url (https://dl.fbaipublicfiles.com/convnext/convnext_base_22k_1k_384.pth)
INFO:timm.models.helpers:Loading pretrained weights from url (https://dl.fbaipublicfiles.com/convnext/convnext_base_22k_1k_384.pth)
INFO:root:The model has now been successfully loaded into memory
INFO:root:Collected query for dataset Collection(Database(MongoClient(host=['10.128.107.212:27017'], document_class=dict, tz_aware=False, connect=True), 'Public_Images'), 'ChexPert')
INFO:root:Collected query for dataset Collection(Database(MongoClient(host=['10.128.107.212:27017'], document_class=dict, tz_aware=False, connect=True), 'Public_Images'), 'ChexPert')
DEBUG:root:Loaded 64540 exams for training
DEBUG:root:Loaded 200 exams for validation
DEBUG:git.cmd:Popen(['git', 'rev-parse', '--show-toplevel'], cwd=C:\Users\joeda\PycharmProjects\IA-MED_IMG, universal_newlines=False, shell=None, istream=None)
DEBUG:urllib3.connectionpool:Starting new HTTPS connection (1): api.wandb.ai:443
DEBUG:urllib3.connectionpool:https://api.wandb.ai:443 "POST /graphql HTTP/1.1" 200 None
DEBUG:urllib3.connectionpool:Starting new HTTPS connection (1): api.wandb.ai:443
DEBUG:urllib3.connectionpool:https://api.wandb.ai:443 "POST /graphql HTTP/1.1" 200 None
DEBUG:git.cmd:Popen(['git', 'cat-file', '--batch-check'], cwd=C:\Users\joeda\PycharmProjects\IA-MED_IMG, universal_newlines=False, shell=None, istream=<valid stream>)
INFO:timm.models.helpers:Loading pretrained weights from url (https://dl.fbaipublicfiles.com/convnext/convnext_base_22k_1k_384.pth)
INFO:timm.models.helpers:Loading pretrained weights from url (https://dl.fbaipublicfiles.com/convnext/convnext_base_22k_1k_384.pth)
INFO:root:The model has now been successfully loaded into memory
INFO:root:Collected query for dataset Collection(Database(MongoClient(host=['10.128.107.212:27017'], document_class=dict, tz_aware=False, connect=True), 'Public_Images'), 'ChexPert')
INFO:root:Collected query for dataset Collection(Database(MongoClient(host=['10.128.107.212:27017'], document_class=dict, tz_aware=False, connect=True), 'Public_Images'), 'ChexPert')
DEBUG:root:Loaded 64540 exams for training
DEBUG:root:Loaded 200 exams for validation
DEBUG:git.cmd:Popen(['git', 'rev-parse', '--show-toplevel'], cwd=C:\Users\joeda\PycharmProjects\IA-MED_IMG, universal_newlines=False, shell=None, istream=None)
DEBUG:urllib3.connectionpool:Starting new HTTPS connection (1): api.wandb.ai:443
DEBUG:urllib3.connectionpool:https://api.wandb.ai:443 "POST /graphql HTTP/1.1" 200 None
DEBUG:urllib3.connectionpool:Starting new HTTPS connection (1): api.wandb.ai:443
DEBUG:urllib3.connectionpool:https://api.wandb.ai:443 "POST /graphql HTTP/1.1" 200 None
DEBUG:git.cmd:Popen(['git', 'cat-file', '--batch-check'], cwd=C:\Users\joeda\PycharmProjects\IA-MED_IMG, universal_newlines=False, shell=None, istream=<valid stream>)
INFO:timm.models.helpers:Loading pretrained weights from url (https://dl.fbaipublicfiles.com/convnext/convnext_base_22k_1k_384.pth)
INFO:timm.models.helpers:Loading pretrained weights from url (https://dl.fbaipublicfiles.com/convnext/convnext_base_22k_1k_384.pth)
INFO:root:The model has now been successfully loaded into memory
INFO:root:Collected query for dataset Collection(Database(MongoClient(host=['10.128.107.212:27017'], document_class=dict, tz_aware=False, connect=True), 'Public_Images'), 'ChexPert')
INFO:root:Collected query for dataset Collection(Database(MongoClient(host=['10.128.107.212:27017'], document_class=dict, tz_aware=False, connect=True), 'Public_Images'), 'ChexPert')
DEBUG:root:Loaded 64540 exams for training
DEBUG:root:Loaded 200 exams for validation
